#
# A fatal error has been detected by the Java Runtime Environment:
#
#  Internal Error (generateOopMap.cpp:2164), pid=26224, tid=27568
#  fatal error: Illegal class file encountered. Try running with -Xverify:all in method main
#
# JRE version: Java(TM) SE Runtime Environment (16.0.1+9) (build 16.0.1+9-24)
# Java VM: Java HotSpot(TM) 64-Bit Server VM (16.0.1+9-24, mixed mode, sharing, tiered, compressed oops, compressed class ptrs, g1 gc, windows-amd64)
# No core dump will be written. Minidumps are not enabled by default on client versions of Windows
#
# If you would like to submit a bug report, please visit:
#   https://bugreport.java.com/bugreport/crash.jsp
#

---------------  S U M M A R Y ------------

Command Line: -XX:+ShowCodeDetailsInExceptionMessages -agentlib:jdwp=transport=dt_socket,suspend=y,address=localhost:58282 -javaagent:C:\Users\Narmeen\eclipse\java-2021-032\eclipse\configuration\org.eclipse.osgi\222\0\.cp\lib\javaagent-shaded.jar -Dfile.encoding=Cp1252 Base

Host: Intel(R) Core(TM) i5-5300U CPU @ 2.30GHz, 4 cores, 7G,  Windows 10 , 64 bit Build 19041 (10.0.19041.1348)
Time: Sat Jan  1 15:58:42 2022 Pakistan Standard Time elapsed time: 14262.615411 seconds (0d 3h 57m 42s)

---------------  T H R E A D  ---------------

Current thread (0x00000133a96a6240):  GCTaskThread "GC Thread#0" [stack: 0x0000000100700000,0x0000000100800000] [id=27568]

Stack: [0x0000000100700000,0x0000000100800000]
Native frames: (J=compiled Java code, j=interpreted, Vv=VM code, C=native code)
V  [jvm.dll+0x6687ca]
V  [jvm.dll+0x7ca3c9]
V  [jvm.dll+0x7cbb53]
V  [jvm.dll+0x7cc167]
V  [jvm.dll+0x242c03]
V  [jvm.dll+0x3312e9]
V  [jvm.dll+0x32ee8e]
V  [jvm.dll+0x32fd1e]
V  [jvm.dll+0x32d39f]
V  [jvm.dll+0x32c627]
V  [jvm.dll+0x6572ce]
V  [jvm.dll+0x657b34]
V  [jvm.dll+0x61c837]
V  [jvm.dll+0x2c0a2a]
V  [jvm.dll+0x2c02b0]
V  [jvm.dll+0x2c0245]
V  [jvm.dll+0x77dfc2]
V  [jvm.dll+0x77de79]
V  [jvm.dll+0x77e540]
V  [jvm.dll+0x30f94d]
V  [jvm.dll+0x30f7b8]
V  [jvm.dll+0x2d7104]
V  [jvm.dll+0x2d8a9b]
V  [jvm.dll+0x7f844b]
V  [jvm.dll+0x779b4a]
V  [jvm.dll+0x667666]
C  [ucrtbase.dll+0x21bb2]
C  [KERNEL32.DLL+0x17034]
C  [ntdll.dll+0x52651]

JavaThread 0x00000133a96653e0 (nid = 18236) was being processed
Java frames: (J=compiled Java code, j=interpreted, Vv=VM code)
j  sun.nio.ch.Net.shutdown(Ljava/io/FileDescriptor;I)V+0 java.base@16.0.1
j  sun.nio.ch.NioSocketImpl.close()V+63 java.base@16.0.1
j  java.net.ServerSocket.close()V+28 java.base@16.0.1
j  org.openqa.selenium.net.PortProber.checkPortIsFree(I)I+33
j  org.openqa.selenium.net.PortProber.findFreePort()I+12
j  org.openqa.selenium.remote.service.DriverService$Builder.build()Lorg/openqa/selenium/remote/service/DriverService;+8
j  org.openqa.selenium.chrome.ChromeDriverService.createDefaultService()Lorg/openqa/selenium/chrome/ChromeDriverService;+7
j  org.openqa.selenium.chrome.ChromeDriver.<init>()V+1
j  Base.main([Ljava/lang/String;)V+12
v  ~StubRoutines::call_stub

---------------  P R O C E S S  ---------------

Threads class SMR info:
_java_thread_list=0x00000133ca26bca0, length=15, elements={
0x00000133a96653e0, 0x00000133c8ca8b00, 0x00000133c8ca98d0, 0x00000133c8cb9110,
0x00000133c8cbac30, 0x00000133c8cbd550, 0x00000133c8cc5e70, 0x00000133c8cd4ce0,
0x00000133c8cd7300, 0x00000133c8ce9850, 0x00000133c988f460, 0x00000133c99541b0,
0x00000133c99546f0, 0x00000133c99ea4e0, 0x00000133c988ef10
}

Java Threads: ( => current thread )
  0x00000133a96653e0 JavaThread "main" [_thread_blocked, id=18236, stack(0x0000000100600000,0x0000000100700000)]
  0x00000133c8ca8b00 JavaThread "Reference Handler" daemon [_thread_blocked, id=20100, stack(0x0000000100d00000,0x0000000100e00000)]
  0x00000133c8ca98d0 JavaThread "Finalizer" daemon [_thread_blocked, id=4944, stack(0x0000000100e00000,0x0000000100f00000)]
  0x00000133c8cb9110 JavaThread "Signal Dispatcher" daemon [_thread_blocked, id=27412, stack(0x0000000100f00000,0x0000000101000000)]
  0x00000133c8cbac30 JavaThread "Attach Listener" daemon [_thread_blocked, id=18380, stack(0x0000000101000000,0x0000000101100000)]
  0x00000133c8cbd550 JavaThread "Service Thread" daemon [_thread_blocked, id=3876, stack(0x0000000101100000,0x0000000101200000)]
  0x00000133c8cc5e70 JavaThread "Monitor Deflation Thread" daemon [_thread_blocked, id=13500, stack(0x0000000101200000,0x0000000101300000)]
  0x00000133c8cd4ce0 JavaThread "C2 CompilerThread0" daemon [_thread_blocked, id=4504, stack(0x0000000101300000,0x0000000101400000)]
  0x00000133c8cd7300 JavaThread "C1 CompilerThread0" daemon [_thread_blocked, id=25844, stack(0x0000000101400000,0x0000000101500000)]
  0x00000133c8ce9850 JavaThread "Sweeper thread" daemon [_thread_blocked, id=26976, stack(0x0000000101500000,0x0000000101600000)]
  0x00000133c988f460 JavaThread "Common-Cleaner" daemon [_thread_blocked, id=22312, stack(0x0000000101600000,0x0000000101700000)]
  0x00000133c99541b0 JavaThread "JDWP Transport Listener: dt_socket" daemon [_thread_blocked, id=13816, stack(0x0000000101700000,0x0000000101800000)]
  0x00000133c99546f0 JavaThread "JDWP Event Helper Thread" daemon [_thread_blocked, id=20996, stack(0x0000000101800000,0x0000000101900000)]
  0x00000133c99ea4e0 JavaThread "JDWP Command Reader" daemon [_thread_in_native, id=3976, stack(0x0000000101900000,0x0000000101a00000)]
  0x00000133c988ef10 JavaThread "Notification Thread" daemon [_thread_blocked, id=21516, stack(0x0000000101b00000,0x0000000101c00000)]

Other Threads:
  0x00000133c8ca4fa0 VMThread "VM Thread" [stack: 0x0000000100c00000,0x0000000100d00000] [id=22660]
  0x00000133a9667380 WatcherThread [stack: 0x0000000101c00000,0x0000000101d00000] [id=3676]
=>0x00000133a96a6240 GCTaskThread "GC Thread#0" [stack: 0x0000000100700000,0x0000000100800000] [id=27568]
  0x00000133c9b09270 GCTaskThread "GC Thread#1" [stack: 0x0000000100100000,0x0000000100200000] [id=9468]
  0x00000133c993f6d0 GCTaskThread "GC Thread#2" [stack: 0x0000000100400000,0x0000000100500000] [id=8540]
  0x00000133a96b7670 ConcurrentGCThread "G1 Main Marker" [stack: 0x0000000100800000,0x0000000100900000] [id=18092]
  0x00000133a96b9000 ConcurrentGCThread "G1 Conc#0" [stack: 0x0000000100900000,0x0000000100a00000] [id=20348]
  0x00000133a9736610 ConcurrentGCThread "G1 Refine#0" [stack: 0x0000000100a00000,0x0000000100b00000] [id=21364]
  0x00000133a9736fa0 ConcurrentGCThread "G1 Service" [stack: 0x0000000100b00000,0x0000000100c00000] [id=23800]

Threads with active compile tasks:

VM state: at safepoint (normal execution)

VM Mutex/Monitor currently owned by a thread:  ([mutex/lock_event])
[0x00000133a9662330] Threads_lock - owner thread: 0x00000133c8ca4fa0
[0x00000133a9661e20] Heap_lock - owner thread: 0x00000133c99541b0

Heap address: 0x0000000081e00000, size: 2018 MB, Compressed Oops mode: 32-bit

CDS archive(s) mapped at: [0x0000000800000000-0x0000000800bb0000-0x0000000800bb0000), size 12255232, SharedBaseAddress: 0x0000000800000000, ArchiveRelocationMode: 0.
Compressed class space mapped at: 0x0000000800c00000-0x0000000840c00000, reserved size: 1073741824
Narrow klass base: 0x0000000800000000, Narrow klass shift: 3, Narrow klass range: 0x100000000

GC Precious Log:
 CPUs: 4 total, 4 available
 Memory: 8065M
 Large Page Support: Disabled
 NUMA Support: Disabled
 Compressed Oops: Enabled (32-bit)
 Heap Region Size: 1M
 Heap Min Capacity: 8M
 Heap Initial Capacity: 128M
 Heap Max Capacity: 2018M
 Pre-touch: Disabled
 Parallel Workers: 4
 Concurrent Workers: 1
 Concurrent Refinement Workers: 4
 Periodic GC: Disabled

Heap:
 garbage-first heap   total 131072K, used 13312K [0x0000000081e00000, 0x0000000100000000)
  region size 1024K, 15 young (15360K), 2 survivors (2048K)
 Metaspace       used 3463K, committed 3584K, reserved 1056768K
  class space    used 319K, committed 384K, reserved 1048576K

Heap Regions: E=young(eden), S=young(survivor), O=old, HS=humongous(starts), HC=humongous(continues), CS=collection set, F=free, OA=open archive, CA=closed archive, TAMS=top-at-mark-start (previous, next)
|   0|0x0000000081e00000, 0x0000000081f00000, 0x0000000081f00000|100%| O|  |TAMS 0x0000000081e00000, 0x0000000081e00000| Untracked 
|   1|0x0000000081f00000, 0x0000000081f9dc20, 0x0000000082000000| 61%| O|  |TAMS 0x0000000081f00000, 0x0000000081f00000| Untracked 
|   2|0x0000000082000000, 0x0000000082000000, 0x0000000082100000|  0%| F|  |TAMS 0x0000000082000000, 0x0000000082000000| Untracked 
|   3|0x0000000082100000, 0x0000000082100000, 0x0000000082200000|  0%| F|  |TAMS 0x0000000082100000, 0x0000000082100000| Untracked 
|   4|0x0000000082200000, 0x0000000082200000, 0x0000000082300000|  0%| F|  |TAMS 0x0000000082200000, 0x0000000082200000| Untracked 
|   5|0x0000000082300000, 0x0000000082300000, 0x0000000082400000|  0%| F|  |TAMS 0x0000000082300000, 0x0000000082300000| Untracked 
|   6|0x0000000082400000, 0x0000000082400000, 0x0000000082500000|  0%| F|  |TAMS 0x0000000082400000, 0x0000000082400000| Untracked 
|   7|0x0000000082500000, 0x0000000082500000, 0x0000000082600000|  0%| F|  |TAMS 0x0000000082500000, 0x0000000082500000| Untracked 
|   8|0x0000000082600000, 0x0000000082600000, 0x0000000082700000|  0%| F|  |TAMS 0x0000000082600000, 0x0000000082600000| Untracked 
|   9|0x0000000082700000, 0x0000000082700000, 0x0000000082800000|  0%| F|  |TAMS 0x0000000082700000, 0x0000000082700000| Untracked 
|  10|0x0000000082800000, 0x0000000082800000, 0x0000000082900000|  0%| F|  |TAMS 0x0000000082800000, 0x0000000082800000| Untracked 
|  11|0x0000000082900000, 0x0000000082900000, 0x0000000082a00000|  0%| F|  |TAMS 0x0000000082900000, 0x0000000082900000| Untracked 
|  12|0x0000000082a00000, 0x0000000082a00000, 0x0000000082b00000|  0%| F|  |TAMS 0x0000000082a00000, 0x0000000082a00000| Untracked 
|  13|0x0000000082b00000, 0x0000000082b00000, 0x0000000082c00000|  0%| F|  |TAMS 0x0000000082b00000, 0x0000000082b00000| Untracked 
|  14|0x0000000082c00000, 0x0000000082c00000, 0x0000000082d00000|  0%| F|  |TAMS 0x0000000082c00000, 0x0000000082c00000| Untracked 
|  15|0x0000000082d00000, 0x0000000082d00000, 0x0000000082e00000|  0%| F|  |TAMS 0x0000000082d00000, 0x0000000082d00000| Untracked 
|  16|0x0000000082e00000, 0x0000000082e00000, 0x0000000082f00000|  0%| F|  |TAMS 0x0000000082e00000, 0x0000000082e00000| Untracked 
|  17|0x0000000082f00000, 0x0000000082f00000, 0x0000000083000000|  0%| F|  |TAMS 0x0000000082f00000, 0x0000000082f00000| Untracked 
|  18|0x0000000083000000, 0x0000000083000000, 0x0000000083100000|  0%| F|  |TAMS 0x0000000083000000, 0x0000000083000000| Untracked 
|  19|0x0000000083100000, 0x0000000083100000, 0x0000000083200000|  0%| F|  |TAMS 0x0000000083100000, 0x0000000083100000| Untracked 
|  20|0x0000000083200000, 0x0000000083200000, 0x0000000083300000|  0%| F|  |TAMS 0x0000000083200000, 0x0000000083200000| Untracked 
|  21|0x0000000083300000, 0x0000000083300000, 0x0000000083400000|  0%| F|  |TAMS 0x0000000083300000, 0x0000000083300000| Untracked 
|  22|0x0000000083400000, 0x0000000083400000, 0x0000000083500000|  0%| F|  |TAMS 0x0000000083400000, 0x0000000083400000| Untracked 
|  23|0x0000000083500000, 0x0000000083500000, 0x0000000083600000|  0%| F|  |TAMS 0x0000000083500000, 0x0000000083500000| Untracked 
|  24|0x0000000083600000, 0x0000000083600000, 0x0000000083700000|  0%| F|  |TAMS 0x0000000083600000, 0x0000000083600000| Untracked 
|  25|0x0000000083700000, 0x0000000083700000, 0x0000000083800000|  0%| F|  |TAMS 0x0000000083700000, 0x0000000083700000| Untracked 
|  26|0x0000000083800000, 0x0000000083800000, 0x0000000083900000|  0%| F|  |TAMS 0x0000000083800000, 0x0000000083800000| Untracked 
|  27|0x0000000083900000, 0x0000000083900000, 0x0000000083a00000|  0%| F|  |TAMS 0x0000000083900000, 0x0000000083900000| Untracked 
|  28|0x0000000083a00000, 0x0000000083a00000, 0x0000000083b00000|  0%| F|  |TAMS 0x0000000083a00000, 0x0000000083a00000| Untracked 
|  29|0x0000000083b00000, 0x0000000083b00000, 0x0000000083c00000|  0%| F|  |TAMS 0x0000000083b00000, 0x0000000083b00000| Untracked 
|  30|0x0000000083c00000, 0x0000000083c00000, 0x0000000083d00000|  0%| F|  |TAMS 0x0000000083c00000, 0x0000000083c00000| Untracked 
|  31|0x0000000083d00000, 0x0000000083d00000, 0x0000000083e00000|  0%| F|  |TAMS 0x0000000083d00000, 0x0000000083d00000| Untracked 
|  32|0x0000000083e00000, 0x0000000083e00000, 0x0000000083f00000|  0%| F|  |TAMS 0x0000000083e00000, 0x0000000083e00000| Untracked 
|  33|0x0000000083f00000, 0x0000000083f00000, 0x0000000084000000|  0%| F|  |TAMS 0x0000000083f00000, 0x0000000083f00000| Untracked 
|  34|0x0000000084000000, 0x0000000084000000, 0x0000000084100000|  0%| F|  |TAMS 0x0000000084000000, 0x0000000084000000| Untracked 
|  35|0x0000000084100000, 0x0000000084100000, 0x0000000084200000|  0%| F|  |TAMS 0x0000000084100000, 0x0000000084100000| Untracked 
|  36|0x0000000084200000, 0x0000000084200000, 0x0000000084300000|  0%| F|  |TAMS 0x0000000084200000, 0x0000000084200000| Untracked 
|  37|0x0000000084300000, 0x0000000084300000, 0x0000000084400000|  0%| F|  |TAMS 0x0000000084300000, 0x0000000084300000| Untracked 
|  38|0x0000000084400000, 0x0000000084400000, 0x0000000084500000|  0%| F|  |TAMS 0x0000000084400000, 0x0000000084400000| Untracked 
|  39|0x0000000084500000, 0x0000000084500000, 0x0000000084600000|  0%| F|  |TAMS 0x0000000084500000, 0x0000000084500000| Untracked 
|  40|0x0000000084600000, 0x0000000084600000, 0x0000000084700000|  0%| F|  |TAMS 0x0000000084600000, 0x0000000084600000| Untracked 
|  41|0x0000000084700000, 0x0000000084700000, 0x0000000084800000|  0%| F|  |TAMS 0x0000000084700000, 0x0000000084700000| Untracked 
|  42|0x0000000084800000, 0x0000000084800000, 0x0000000084900000|  0%| F|  |TAMS 0x0000000084800000, 0x0000000084800000| Untracked 
|  43|0x0000000084900000, 0x0000000084900000, 0x0000000084a00000|  0%| F|  |TAMS 0x0000000084900000, 0x0000000084900000| Untracked 
|  44|0x0000000084a00000, 0x0000000084a00000, 0x0000000084b00000|  0%| F|  |TAMS 0x0000000084a00000, 0x0000000084a00000| Untracked 
|  45|0x0000000084b00000, 0x0000000084b00000, 0x0000000084c00000|  0%| F|  |TAMS 0x0000000084b00000, 0x0000000084b00000| Untracked 
|  46|0x0000000084c00000, 0x0000000084c00000, 0x0000000084d00000|  0%| F|  |TAMS 0x0000000084c00000, 0x0000000084c00000| Untracked 
|  47|0x0000000084d00000, 0x0000000084d00000, 0x0000000084e00000|  0%| F|  |TAMS 0x0000000084d00000, 0x0000000084d00000| Untracked 
|  48|0x0000000084e00000, 0x0000000084e00000, 0x0000000084f00000|  0%| F|  |TAMS 0x0000000084e00000, 0x0000000084e00000| Untracked 
|  49|0x0000000084f00000, 0x0000000084f00000, 0x0000000085000000|  0%| F|  |TAMS 0x0000000084f00000, 0x0000000084f00000| Untracked 
|  50|0x0000000085000000, 0x0000000085000000, 0x0000000085100000|  0%| F|  |TAMS 0x0000000085000000, 0x0000000085000000| Untracked 
|  51|0x0000000085100000, 0x0000000085100000, 0x0000000085200000|  0%| F|  |TAMS 0x0000000085100000, 0x0000000085100000| Untracked 
|  52|0x0000000085200000, 0x0000000085200000, 0x0000000085300000|  0%| F|  |TAMS 0x0000000085200000, 0x0000000085200000| Untracked 
|  53|0x0000000085300000, 0x0000000085300000, 0x0000000085400000|  0%| F|  |TAMS 0x0000000085300000, 0x0000000085300000| Untracked 
|  54|0x0000000085400000, 0x0000000085400000, 0x0000000085500000|  0%| F|  |TAMS 0x0000000085400000, 0x0000000085400000| Untracked 
|  55|0x0000000085500000, 0x0000000085500000, 0x0000000085600000|  0%| F|  |TAMS 0x0000000085500000, 0x0000000085500000| Untracked 
|  56|0x0000000085600000, 0x0000000085600000, 0x0000000085700000|  0%| F|  |TAMS 0x0000000085600000, 0x0000000085600000| Untracked 
|  57|0x0000000085700000, 0x0000000085700000, 0x0000000085800000|  0%| F|  |TAMS 0x0000000085700000, 0x0000000085700000| Untracked 
|  58|0x0000000085800000, 0x0000000085800000, 0x0000000085900000|  0%| F|  |TAMS 0x0000000085800000, 0x0000000085800000| Untracked 
|  59|0x0000000085900000, 0x0000000085900000, 0x0000000085a00000|  0%| F|  |TAMS 0x0000000085900000, 0x0000000085900000| Untracked 
|  60|0x0000000085a00000, 0x0000000085a00000, 0x0000000085b00000|  0%| F|  |TAMS 0x0000000085a00000, 0x0000000085a00000| Untracked 
|  61|0x0000000085b00000, 0x0000000085b00000, 0x0000000085c00000|  0%| F|  |TAMS 0x0000000085b00000, 0x0000000085b00000| Untracked 
|  62|0x0000000085c00000, 0x0000000085c00000, 0x0000000085d00000|  0%| F|  |TAMS 0x0000000085c00000, 0x0000000085c00000| Untracked 
|  63|0x0000000085d00000, 0x0000000085d00000, 0x0000000085e00000|  0%| F|  |TAMS 0x0000000085d00000, 0x0000000085d00000| Untracked 
|  64|0x0000000085e00000, 0x0000000085e00000, 0x0000000085f00000|  0%| F|  |TAMS 0x0000000085e00000, 0x0000000085e00000| Untracked 
|  65|0x0000000085f00000, 0x0000000085f00000, 0x0000000086000000|  0%| F|  |TAMS 0x0000000085f00000, 0x0000000085f00000| Untracked 
|  66|0x0000000086000000, 0x0000000086000000, 0x0000000086100000|  0%| F|  |TAMS 0x0000000086000000, 0x0000000086000000| Untracked 
|  67|0x0000000086100000, 0x0000000086100000, 0x0000000086200000|  0%| F|  |TAMS 0x0000000086100000, 0x0000000086100000| Untracked 
|  68|0x0000000086200000, 0x0000000086200000, 0x0000000086300000|  0%| F|  |TAMS 0x0000000086200000, 0x0000000086200000| Untracked 
|  69|0x0000000086300000, 0x0000000086300000, 0x0000000086400000|  0%| F|  |TAMS 0x0000000086300000, 0x0000000086300000| Untracked 
|  70|0x0000000086400000, 0x0000000086400000, 0x0000000086500000|  0%| F|  |TAMS 0x0000000086400000, 0x0000000086400000| Untracked 
|  71|0x0000000086500000, 0x0000000086500000, 0x0000000086600000|  0%| F|  |TAMS 0x0000000086500000, 0x0000000086500000| Untracked 
|  72|0x0000000086600000, 0x0000000086600000, 0x0000000086700000|  0%| F|  |TAMS 0x0000000086600000, 0x0000000086600000| Untracked 
|  73|0x0000000086700000, 0x0000000086700000, 0x0000000086800000|  0%| F|  |TAMS 0x0000000086700000, 0x0000000086700000| Untracked 
|  74|0x0000000086800000, 0x0000000086800000, 0x0000000086900000|  0%| F|  |TAMS 0x0000000086800000, 0x0000000086800000| Untracked 
|  75|0x0000000086900000, 0x0000000086900000, 0x0000000086a00000|  0%| F|  |TAMS 0x0000000086900000, 0x0000000086900000| Untracked 
|  76|0x0000000086a00000, 0x0000000086a00000, 0x0000000086b00000|  0%| F|  |TAMS 0x0000000086a00000, 0x0000000086a00000| Untracked 
|  77|0x0000000086b00000, 0x0000000086b00000, 0x0000000086c00000|  0%| F|  |TAMS 0x0000000086b00000, 0x0000000086b00000| Untracked 
|  78|0x0000000086c00000, 0x0000000086c00000, 0x0000000086d00000|  0%| F|  |TAMS 0x0000000086c00000, 0x0000000086c00000| Untracked 
|  79|0x0000000086d00000, 0x0000000086d00000, 0x0000000086e00000|  0%| F|  |TAMS 0x0000000086d00000, 0x0000000086d00000| Untracked 
|  80|0x0000000086e00000, 0x0000000086e00000, 0x0000000086f00000|  0%| F|  |TAMS 0x0000000086e00000, 0x0000000086e00000| Untracked 
|  81|0x0000000086f00000, 0x0000000086f00000, 0x0000000087000000|  0%| F|  |TAMS 0x0000000086f00000, 0x0000000086f00000| Untracked 
|  82|0x0000000087000000, 0x0000000087000000, 0x0000000087100000|  0%| F|  |TAMS 0x0000000087000000, 0x0000000087000000| Untracked 
|  83|0x0000000087100000, 0x0000000087100000, 0x0000000087200000|  0%| F|  |TAMS 0x0000000087100000, 0x0000000087100000| Untracked 
|  84|0x0000000087200000, 0x0000000087200000, 0x0000000087300000|  0%| F|  |TAMS 0x0000000087200000, 0x0000000087200000| Untracked 
|  85|0x0000000087300000, 0x0000000087300000, 0x0000000087400000|  0%| F|  |TAMS 0x0000000087300000, 0x0000000087300000| Untracked 
|  86|0x0000000087400000, 0x0000000087400000, 0x0000000087500000|  0%| F|  |TAMS 0x0000000087400000, 0x0000000087400000| Untracked 
|  87|0x0000000087500000, 0x0000000087500000, 0x0000000087600000|  0%| F|  |TAMS 0x0000000087500000, 0x0000000087500000| Untracked 
|  88|0x0000000087600000, 0x0000000087600000, 0x0000000087700000|  0%| F|  |TAMS 0x0000000087600000, 0x0000000087600000| Untracked 
|  89|0x0000000087700000, 0x0000000087700000, 0x0000000087800000|  0%| F|  |TAMS 0x0000000087700000, 0x0000000087700000| Untracked 
|  90|0x0000000087800000, 0x0000000087800000, 0x0000000087900000|  0%| F|  |TAMS 0x0000000087800000, 0x0000000087800000| Untracked 
|  91|0x0000000087900000, 0x0000000087900000, 0x0000000087a00000|  0%| F|  |TAMS 0x0000000087900000, 0x0000000087900000| Untracked 
|  92|0x0000000087a00000, 0x0000000087a00000, 0x0000000087b00000|  0%| F|  |TAMS 0x0000000087a00000, 0x0000000087a00000| Untracked 
|  93|0x0000000087b00000, 0x0000000087b00000, 0x0000000087c00000|  0%| F|  |TAMS 0x0000000087b00000, 0x0000000087b00000| Untracked 
|  94|0x0000000087c00000, 0x0000000087c00000, 0x0000000087d00000|  0%| F|  |TAMS 0x0000000087c00000, 0x0000000087c00000| Untracked 
|  95|0x0000000087d00000, 0x0000000087d00000, 0x0000000087e00000|  0%| F|  |TAMS 0x0000000087d00000, 0x0000000087d00000| Untracked 
|  96|0x0000000087e00000, 0x0000000087e00000, 0x0000000087f00000|  0%| F|  |TAMS 0x0000000087e00000, 0x0000000087e00000| Untracked 
|  97|0x0000000087f00000, 0x0000000087f00000, 0x0000000088000000|  0%| F|  |TAMS 0x0000000087f00000, 0x0000000087f00000| Untracked 
|  98|0x0000000088000000, 0x0000000088000000, 0x0000000088100000|  0%| F|  |TAMS 0x0000000088000000, 0x0000000088000000| Untracked 
|  99|0x0000000088100000, 0x0000000088100000, 0x0000000088200000|  0%| F|  |TAMS 0x0000000088100000, 0x0000000088100000| Untracked 
| 100|0x0000000088200000, 0x0000000088200000, 0x0000000088300000|  0%| F|  |TAMS 0x0000000088200000, 0x0000000088200000| Untracked 
| 101|0x0000000088300000, 0x0000000088300000, 0x0000000088400000|  0%| F|  |TAMS 0x0000000088300000, 0x0000000088300000| Untracked 
| 102|0x0000000088400000, 0x0000000088400000, 0x0000000088500000|  0%| F|  |TAMS 0x0000000088400000, 0x0000000088400000| Untracked 
| 103|0x0000000088500000, 0x0000000088500000, 0x0000000088600000|  0%| F|  |TAMS 0x0000000088500000, 0x0000000088500000| Untracked 
| 104|0x0000000088600000, 0x0000000088600000, 0x0000000088700000|  0%| F|  |TAMS 0x0000000088600000, 0x0000000088600000| Untracked 
| 105|0x0000000088700000, 0x0000000088700000, 0x0000000088800000|  0%| F|  |TAMS 0x0000000088700000, 0x0000000088700000| Untracked 
| 106|0x0000000088800000, 0x0000000088800000, 0x0000000088900000|  0%| F|  |TAMS 0x0000000088800000, 0x0000000088800000| Untracked 
| 107|0x0000000088900000, 0x0000000088900000, 0x0000000088a00000|  0%| F|  |TAMS 0x0000000088900000, 0x0000000088900000| Untracked 
| 108|0x0000000088a00000, 0x0000000088a00000, 0x0000000088b00000|  0%| F|  |TAMS 0x0000000088a00000, 0x0000000088a00000| Untracked 
| 109|0x0000000088b00000, 0x0000000088b00000, 0x0000000088c00000|  0%| F|  |TAMS 0x0000000088b00000, 0x0000000088b00000| Untracked 
| 110|0x0000000088c00000, 0x0000000088c00000, 0x0000000088d00000|  0%| F|  |TAMS 0x0000000088c00000, 0x0000000088c00000| Untracked 
| 111|0x0000000088d00000, 0x0000000088d00000, 0x0000000088e00000|  0%| F|  |TAMS 0x0000000088d00000, 0x0000000088d00000| Untracked 
| 112|0x0000000088e00000, 0x0000000088e00000, 0x0000000088f00000|  0%| F|  |TAMS 0x0000000088e00000, 0x0000000088e00000| Untracked 
| 113|0x0000000088f00000, 0x0000000089000000, 0x0000000089000000|100%| S|  |TAMS 0x0000000088f00000, 0x0000000088f00000| Complete 
| 114|0x0000000089000000, 0x0000000089100000, 0x0000000089100000|100%| S|  |TAMS 0x0000000089000000, 0x0000000089000000| Complete 
| 115|0x0000000089100000, 0x0000000089200000, 0x0000000089200000|100%| E|CS|TAMS 0x0000000089100000, 0x0000000089100000| Complete 
| 116|0x0000000089200000, 0x0000000089300000, 0x0000000089300000|100%| E|CS|TAMS 0x0000000089200000, 0x0000000089200000| Complete 
| 117|0x0000000089300000, 0x0000000089400000, 0x0000000089400000|100%| E|CS|TAMS 0x0000000089300000, 0x0000000089300000| Complete 
| 118|0x0000000089400000, 0x0000000089500000, 0x0000000089500000|100%| E|CS|TAMS 0x0000000089400000, 0x0000000089400000| Complete 
| 119|0x0000000089500000, 0x0000000089600000, 0x0000000089600000|100%| E|CS|TAMS 0x0000000089500000, 0x0000000089500000| Complete 
| 120|0x0000000089600000, 0x0000000089700000, 0x0000000089700000|100%| E|CS|TAMS 0x0000000089600000, 0x0000000089600000| Complete 
| 121|0x0000000089700000, 0x0000000089800000, 0x0000000089800000|100%| E|CS|TAMS 0x0000000089700000, 0x0000000089700000| Complete 
| 122|0x0000000089800000, 0x0000000089900000, 0x0000000089900000|100%| E|CS|TAMS 0x0000000089800000, 0x0000000089800000| Complete 
| 123|0x0000000089900000, 0x0000000089a00000, 0x0000000089a00000|100%| E|CS|TAMS 0x0000000089900000, 0x0000000089900000| Complete 
| 124|0x0000000089a00000, 0x0000000089b00000, 0x0000000089b00000|100%| E|CS|TAMS 0x0000000089a00000, 0x0000000089a00000| Complete 
| 125|0x0000000089b00000, 0x0000000089c00000, 0x0000000089c00000|100%| E|CS|TAMS 0x0000000089b00000, 0x0000000089b00000| Complete 
| 126|0x0000000089c00000, 0x0000000089d00000, 0x0000000089d00000|100%| E|CS|TAMS 0x0000000089c00000, 0x0000000089c00000| Complete 
| 127|0x0000000089d00000, 0x0000000089e00000, 0x0000000089e00000|100%| E|CS|TAMS 0x0000000089d00000, 0x0000000089d00000| Complete 

Card table byte_map: [0x00000133c1fb0000,0x00000133c23b0000] _byte_map_base: 0x00000133c1ba1000

Marking Bits (Prev, Next): (CMBitMap*) 0x00000133a96a6840, (CMBitMap*) 0x00000133a96a6880
 Prev Bits: [0x00000133c27b0000, 0x00000133c4738000)
 Next Bits: [0x00000133c4740000, 0x00000133c66c8000)

Polling page: 0x00000133a9440000

Metaspace:

Usage:
  Non-class:      3.07 MB used.
      Class:    319.20 KB used.
       Both:      3.38 MB used.

Virtual space:
  Non-class space:        8.00 MB reserved,       3.12 MB ( 39%) committed,  1 nodes.
      Class space:        1.00 GB reserved,     384.00 KB ( <1%) committed,  1 nodes.
              Both:        1.01 GB reserved,       3.50 MB ( <1%) committed. 

Chunk freelists:
   Non-Class:  3.45 MB
       Class:  3.67 MB
        Both:  7.12 MB

MaxMetaspaceSize: 17179869184.00 GB
CompressedClassSpaceSize: 1.00 GB
 - commit_granule_bytes: 65536.
 - commit_granule_words: 8192.
 - virtual_space_node_default_size: 1048576.
 - enlarge_chunks_in_place: 1.
 - new_chunks_are_fully_committed: 0.
 - uncommit_free_chunks: 1.
 - use_allocation_guard: 0.
 - handle_deallocations: 1.


Internal statistics:

num_allocs_failed_limit: 0.
num_arena_births: 20.
num_arena_deaths: 0.
num_vsnodes_births: 2.
num_vsnodes_deaths: 0.
num_space_committed: 56.
num_space_uncommitted: 0.
num_chunks_returned_to_freelist: 0.
num_chunks_taken_from_freelist: 61.
num_chunk_merges: 0.
num_chunk_splits: 33.
num_chunks_enlarged: 21.
num_purges: 0.

CodeHeap 'non-profiled nmethods': size=120000Kb used=249Kb max_used=249Kb free=119750Kb
 bounds [0x00000133ba060000, 0x00000133ba2d0000, 0x00000133c1590000]
CodeHeap 'profiled nmethods': size=120000Kb used=1144Kb max_used=1144Kb free=118856Kb
 bounds [0x00000133b2b30000, 0x00000133b2da0000, 0x00000133ba060000]
CodeHeap 'non-nmethods': size=5760Kb used=1218Kb max_used=1233Kb free=4541Kb
 bounds [0x00000133b2590000, 0x00000133b2800000, 0x00000133b2b30000]
 total_blobs=1116 nmethods=686 adapters=343
 compilation: enabled
              stopped_count=0, restarted_count=0
 full_count=0

Compilation events (20 events):
Event: 0.839 Thread 0x00000133c8cd7300  675       1       java.lang.reflect.Method::getName (5 bytes)
Event: 0.839 Thread 0x00000133c8cd7300 nmethod 675 0x00000133ba09cf90 code [0x00000133ba09d120, 0x00000133ba09d1f8]
Event: 0.839 Thread 0x00000133c8cd7300  676       1       java.lang.reflect.Method::getModifiers (5 bytes)
Event: 0.839 Thread 0x00000133c8cd7300 nmethod 676 0x00000133ba09d290 code [0x00000133ba09d420, 0x00000133ba09d4f8]
Event: 0.840 Thread 0x00000133c8cd7300  677       3       java.lang.reflect.AccessibleObject::<init> (5 bytes)
Event: 0.840 Thread 0x00000133c8cd7300 nmethod 677 0x00000133b2c4ba90 code [0x00000133b2c4bc40, 0x00000133b2c4bd98]
Event: 0.840 Thread 0x00000133c8cd7300  678       3       java.lang.reflect.Executable::<init> (5 bytes)
Event: 0.840 Thread 0x00000133c8cd7300 nmethod 678 0x00000133b2c4be90 code [0x00000133b2c4c040, 0x00000133b2c4c1f8]
Event: 0.841 Thread 0x00000133c8cd7300  680       3       sun.instrument.InstrumentationImpl::transform (73 bytes)
Event: 0.842 Thread 0x00000133c8cd7300 nmethod 680 0x00000133b2c4c310 code [0x00000133b2c4c4e0, 0x00000133b2c4c8e8]
Event: 0.842 Thread 0x00000133c8cd7300  681   !   3       sun.instrument.TransformerManager::transform (100 bytes)
Event: 0.843 Thread 0x00000133c8cd7300 nmethod 681 0x00000133b2c4ca90 code [0x00000133b2c4cc60, 0x00000133b2c4d108]
Event: 0.843 Thread 0x00000133c8cd7300  682       3       java.lang.instrument.ClassFileTransformer::transform (15 bytes)
Event: 0.843 Thread 0x00000133c8cd7300 nmethod 682 0x00000133b2c4d390 code [0x00000133b2c4d540, 0x00000133b2c4d748]
Event: 1581.859 Thread 0x00000133c8cd4ce0  683       4       org.eclipse.jdt.launching.internal.org.objectweb.asm.SymbolTable$Entry::<init> (17 bytes)
Event: 1581.868 Thread 0x00000133c8cd4ce0 

Event: 7621.170 Thread 0x00000133c8cd7300  686       3       java.lang.ref.ReferenceQueue::reallyPoll (65 bytes)
Event: 7621.177 Thread 0x00000133c8cd7300 nmethod 686 0x00000133b2c4d810 code [0x00000133b2c4d9e0, 0x00000133b2c4df18]
Event: 13772.863 Thread 0x00000133c8cd4ce0  687       4       org.eclipse.jdt.launching.internal.org.objectweb.asm.SymbolTable$Entry::<init> (17 bytes)
Event: 13772.871 Thread 0x00000133c8cd4ce0 nmethod 687 0x00000133ba09e090 code [0x00000133ba09e200, 0x00000133ba09e418]

GC Heap History (1 events):
Event: 14262.586 GC heap before
{Heap before GC invocations=0 (full 0):
 garbage-first heap   total 131072K, used 13312K [0x0000000081e00000, 0x0000000100000000)
  region size 1024K, 13 young (13312K), 0 survivors (0K)
 Metaspace       used 3463K, committed 3584K, reserved 1056768K
  class space    used 319K, committed 384K, reserved 1048576K
}

Deoptimization events (20 events):
Event: 0.658 Thread 0x00000133a96653e0 DEOPT PACKING pc=0x00000133b2bc4e5b sp=0x00000001006f7ce0
Event: 0.658 Thread 0x00000133a96653e0 DEOPT UNPACKING pc=0x00000133b25ddece sp=0x00000001006f7148 mode 0
Event: 0.658 Thread 0x00000133a96653e0 DEOPT PACKING pc=0x00000133b2bc4e5b sp=0x00000001006f7ce0
Event: 0.658 Thread 0x00000133a96653e0 DEOPT UNPACKING pc=0x00000133b25ddece sp=0x00000001006f7148 mode 0
Event: 0.658 Thread 0x00000133a96653e0 DEOPT PACKING pc=0x00000133b2bc4e5b sp=0x00000001006f7ce0
Event: 0.658 Thread 0x00000133a96653e0 DEOPT UNPACKING pc=0x00000133b25ddece sp=0x00000001006f7148 mode 0
Event: 0.658 Thread 0x00000133a96653e0 DEOPT PACKING pc=0x00000133b2bc4e5b sp=0x00000001006f7ce0
Event: 0.658 Thread 0x00000133a96653e0 DEOPT UNPACKING pc=0x00000133b25ddece sp=0x00000001006f7148 mode 0
Event: 0.661 Thread 0x00000133a96653e0 DEOPT PACKING pc=0x00000133b2bc4e5b sp=0x00000001006f7c50
Event: 0.661 Thread 0x00000133a96653e0 DEOPT UNPACKING pc=0x00000133b25ddece sp=0x00000001006f70b8 mode 0
Event: 0.668 Thread 0x00000133a96653e0 DEOPT PACKING pc=0x00000133b2bc4e5b sp=0x00000001006fb710
Event: 0.668 Thread 0x00000133a96653e0 DEOPT UNPACKING pc=0x00000133b25ddece sp=0x00000001006fab78 mode 0
Event: 0.670 Thread 0x00000133a96653e0 DEOPT PACKING pc=0x00000133b2bc4e5b sp=0x00000001006f7c60
Event: 0.670 Thread 0x00000133a96653e0 DEOPT UNPACKING pc=0x00000133b25ddece sp=0x00000001006f70c8 mode 0
Event: 0.745 Thread 0x00000133a96653e0 DEOPT PACKING pc=0x00000133b2b76079 sp=0x00000001006fa730
Event: 0.745 Thread 0x00000133a96653e0 DEOPT UNPACKING pc=0x00000133b25ddece sp=0x00000001006f9b90 mode 0
Event: 0.835 Thread 0x00000133a96653e0 Uncommon trap: trap_request=0xffffff45 fr.pc=0x00000133ba080bfc relative=0x00000000000000dc
Event: 0.835 Thread 0x00000133a96653e0 Uncommon trap: reason=unstable_if action=reinterpret pc=0x00000133ba080bfc method=java.lang.CharacterDataLatin1.digit(II)I @ 12 c2
Event: 0.836 Thread 0x00000133a96653e0 DEOPT PACKING pc=0x00000133ba080bfc sp=0x00000001006febf0
Event: 0.836 Thread 0x00000133a96653e0 DEOPT UNPACKING pc=0x00000133b25dd72e sp=0x00000001006feab8 mode 2

Classes unloaded (0 events):
No events

Classes redefined (12 events):
Event: 122.302 Thread 0x00000133c8ca4fa0 redefined class name=Base, count=1
Event: 780.863 Thread 0x00000133c8ca4fa0 redefined class name=Base, count=2
Event: 1191.933 Thread 0x00000133c8ca4fa0 redefined class name=Base, count=3
Event: 1243.499 Thread 0x00000133c8ca4fa0 redefined class name=Base, count=4
Event: 1538.254 Thread 0x00000133c8ca4fa0 redefined class name=Base, count=5
Event: 1581.864 Thread 0x00000133c8ca4fa0 redefined class name=Base, count=6
Event: 1691.280 Thread 0x00000133c8ca4fa0 redefined class name=Base, count=7
Event: 1786.328 Thread 0x00000133c8ca4fa0 redefined class name=Base, count=8
Event: 1892.785 Thread 0x00000133c8ca4fa0 redefined class name=Base, count=9
Event: 2021.522 Thread 0x00000133c8ca4fa0 redefined class name=Base, count=10
Event: 2527.803 Thread 0x00000133c8ca4fa0 redefined class name=Base, count=11
Event: 2858.964 Thread 0x00000133c8ca4fa0 redefined class name=Base, count=12

Internal exceptions (6 events):
Event: 0.623 Thread 0x00000133a96653e0 Exception <a 'java/lang/NoSuchMethodError'{0x000000008967f808}: 'java.lang.Object java.lang.invoke.DirectMethodHandle$Holder.invokeStatic(java.lang.Object)'> (0x000000008967f808) 
thrown [t:\workspace\open\src\hotspot\share\interpreter\linkResolver.cpp, line 790]
Event: 0.791 Thread 0x00000133a96653e0 Exception <a 'java/lang/NoSuchMethodError'{0x000000008921e330}: 'void java.lang.invoke.DirectMethodHandle$Holder.invokeSpecial(java.lang.Object, java.lang.Object, java.lang.Object)'> (0x000000008921e330) 
thrown [t:\workspace\open\src\hotspot\share\interpreter\linkResolver.cpp, line 790]
Event: 0.797 Thread 0x00000133a96653e0 Exception <a 'java/lang/NoSuchMethodError'{0x000000008923c808}: 'int java.lang.invoke.DirectMethodHandle$Holder.invokeStaticInit(java.lang.Object, java.lang.Object)'> (0x000000008923c808) 
thrown [t:\workspace\open\src\hotspot\share\interpreter\linkResolver.cpp, line 790]
Event: 0.826 Thread 0x00000133a96653e0 Exception <a 'java/lang/NoSuchMethodError'{0x0000000089143500}: 'java.lang.Object java.lang.invoke.DirectMethodHandle$Holder.invokeStaticInit(java.lang.Object)'> (0x0000000089143500) 
thrown [t:\workspace\open\src\hotspot\share\interpreter\linkResolver.cpp, line 790]
Event: 0.835 Thread 0x00000133a96653e0 Exception <a 'java/lang/NoSuchMethodError'{0x0000000089188418}: 'void java.lang.invoke.DirectMethodHandle$Holder.invokeStatic(java.lang.Object, java.lang.Object)'> (0x0000000089188418) 
thrown [t:\workspace\open\src\hotspot\share\interpreter\linkResolver.cpp, line 790]
Event: 0.845 Thread 0x00000133a96653e0 Exception <a 'java/net/SocketException'{0x00000000891af1a8}: Socket is not connected: shutdown> (0x00000000891af1a8) 
thrown [t:\workspace\open\src\hotspot\share\prims\jni.cpp, line 600]

Events (20 events):
Event: 1395.696 Executing  VM operation: GetObjectMonitorUsage done
Event: 1453.523 Executing  VM operation: ChangeBreakpoints
Event: 1453.523 Executing  VM operation: ChangeBreakpoints done
Event: 1538.252 Executing  VM operation: RedefineClasses
Event: 1538.256 Executing  VM operation: RedefineClasses done
Event: 1581.863 Executing  VM operation: RedefineClasses
Event: 1581.868 Executing  VM operation: RedefineClasses done
Event: 1691.277 Executing  VM operation: RedefineClasses
Event: 1691.284 Executing  VM operation: RedefineClasses done
Event: 1786.325 Executing  VM operation: RedefineClasses
Event: 1786.332 Executing  VM operation: RedefineClasses done
Event: 1892.784 Executing  VM operation: RedefineClasses
Event: 1892.787 Executing  VM operation: RedefineClasses done
Event: 2021.517 Executing  VM operation: RedefineClasses
Event: 2021.525 Executing  VM operation: RedefineClasses done
Event: 2527.800 Executing  VM operation: RedefineClasses
Event: 2527.806 Executing  VM operation: RedefineClasses done
Event: 2858.960 Executing  VM operation: RedefineClasses
Event: 2858.968 Executing  VM operation: RedefineClasses done
Event: 14262.585 Executing  VM operation: G1CollectForAllocation


Dynamic libraries:
0x00007ff62efa0000 - 0x00007ff62efb0000 	C:\Program Files\Java\jdk-16.0.1\bin\javaw.exe
0x00007ffd6f7b0000 - 0x00007ffd6f9a5000 	C:\Windows\SYSTEM32\ntdll.dll
0x00007ffd6dc20000 - 0x00007ffd6dcde000 	C:\Windows\System32\KERNEL32.DLL
0x00007ffd6cf50000 - 0x00007ffd6d218000 	C:\Windows\System32\KERNELBASE.dll
0x00007ffd6d2f0000 - 0x00007ffd6d3f0000 	C:\Windows\System32\ucrtbase.dll
0x00007ffd656e0000 - 0x00007ffd656f9000 	C:\Program Files\Java\jdk-16.0.1\bin\VCRUNTIME140.dll
0x00007ffd681f0000 - 0x00007ffd68208000 	C:\Program Files\Java\jdk-16.0.1\bin\jli.dll
0x00007ffd6f6c0000 - 0x00007ffd6f76c000 	C:\Windows\System32\ADVAPI32.dll
0x00007ffd6dd40000 - 0x00007ffd6ddde000 	C:\Windows\System32\msvcrt.dll
0x00007ffd6dde0000 - 0x00007ffd6de7b000 	C:\Windows\System32\sechost.dll
0x00007ffd6eba0000 - 0x00007ffd6ecca000 	C:\Windows\System32\RPCRT4.dll
0x00007ffd6e190000 - 0x00007ffd6e331000 	C:\Windows\System32\USER32.dll
0x00007ffd6ced0000 - 0x00007ffd6cef2000 	C:\Windows\System32\win32u.dll
0x00007ffd6dfa0000 - 0x00007ffd6dfcb000 	C:\Windows\System32\GDI32.dll
0x00007ffd5f0b0000 - 0x00007ffd5f34a000 	C:\Windows\WinSxS\amd64_microsoft.windows.common-controls_6595b64144ccf1df_6.0.19041.1110_none_60b5254171f9507e\COMCTL32.dll
0x00007ffd6d590000 - 0x00007ffd6d69b000 	C:\Windows\System32\gdi32full.dll
0x00007ffd6d250000 - 0x00007ffd6d2ed000 	C:\Windows\System32\msvcp_win.dll
0x00007ffd67a90000 - 0x00007ffd67a9a000 	C:\Windows\SYSTEM32\VERSION.dll
0x00007ffd6e160000 - 0x00007ffd6e190000 	C:\Windows\System32\IMM32.DLL
0x00007ffd64b70000 - 0x00007ffd64b7c000 	C:\Program Files\Java\jdk-16.0.1\bin\vcruntime140_1.dll
0x00007ffd367e0000 - 0x00007ffd36871000 	C:\Program Files\Java\jdk-16.0.1\bin\msvcp140.dll
0x00007ffd111b0000 - 0x00007ffd11d5b000 	C:\Program Files\Java\jdk-16.0.1\bin\server\jvm.dll
0x00007ffd6f4b0000 - 0x00007ffd6f4b8000 	C:\Windows\System32\PSAPI.DLL
0x00007ffd5e700000 - 0x00007ffd5e709000 	C:\Windows\SYSTEM32\WSOCK32.dll
0x00007ffd5f9f0000 - 0x00007ffd5fa17000 	C:\Windows\SYSTEM32\WINMM.dll
0x00007ffd6dfe0000 - 0x00007ffd6e04b000 	C:\Windows\System32\WS2_32.dll
0x00007ffd6b740000 - 0x00007ffd6b752000 	C:\Windows\SYSTEM32\kernel.appcore.dll
0x00007ffd64b60000 - 0x00007ffd64b6a000 	C:\Program Files\Java\jdk-16.0.1\bin\jimage.dll
0x00007ffd6aaa0000 - 0x00007ffd6ac84000 	C:\Windows\SYSTEM32\DBGHELP.DLL
0x00007ffd58d50000 - 0x00007ffd58d7c000 	C:\Windows\SYSTEM32\dbgcore.DLL
0x00007ffd6d3f0000 - 0x00007ffd6d473000 	C:\Windows\System32\bcryptPrimitives.dll
0x00007ffd4b570000 - 0x00007ffd4b5ab000 	C:\Program Files\Java\jdk-16.0.1\bin\jdwp.dll
0x00007ffd6a190000 - 0x00007ffd6a19e000 	C:\Program Files\Java\jdk-16.0.1\bin\instrument.dll
0x00007ffd58cc0000 - 0x00007ffd58ce5000 	C:\Program Files\Java\jdk-16.0.1\bin\java.dll
0x00007ffd6e450000 - 0x00007ffd6eb8f000 	C:\Windows\System32\SHELL32.dll
0x00007ffd6afb0000 - 0x00007ffd6b740000 	C:\Windows\SYSTEM32\windows.storage.dll
0x00007ffd6f150000 - 0x00007ffd6f4a5000 	C:\Windows\System32\combase.dll
0x00007ffd6c850000 - 0x00007ffd6c87e000 	C:\Windows\SYSTEM32\Wldp.dll
0x00007ffd6f610000 - 0x00007ffd6f6bd000 	C:\Windows\System32\SHCORE.dll
0x00007ffd6d930000 - 0x00007ffd6d985000 	C:\Windows\System32\shlwapi.dll
0x00007ffd6ce10000 - 0x00007ffd6ce2f000 	C:\Windows\SYSTEM32\profapi.dll
0x00007ffd66140000 - 0x00007ffd6614c000 	C:\Program Files\Java\jdk-16.0.1\bin\dt_socket.dll
0x00007ffd6c2a0000 - 0x00007ffd6c2db000 	C:\Windows\SYSTEM32\IPHLPAPI.DLL
0x00007ffd6c5b0000 - 0x00007ffd6c61a000 	C:\Windows\system32\mswsock.dll
0x00007ffd6c2e0000 - 0x00007ffd6c3ab000 	C:\Windows\SYSTEM32\DNSAPI.dll
0x00007ffd6eb90000 - 0x00007ffd6eb98000 	C:\Windows\System32\NSI.dll
0x00007ffd5e630000 - 0x00007ffd5e63a000 	C:\Windows\System32\rasadhlp.dll
0x00007ffd5e680000 - 0x00007ffd5e6ff000 	C:\Windows\System32\fwpuclnt.dll
0x00007ffd6d220000 - 0x00007ffd6d247000 	C:\Windows\System32\bcrypt.dll
0x00007ffd58ca0000 - 0x00007ffd58cb8000 	C:\Program Files\Java\jdk-16.0.1\bin\zip.dll
0x00007ffd5e710000 - 0x00007ffd5e729000 	C:\Program Files\Java\jdk-16.0.1\bin\net.dll
0x00007ffd5e790000 - 0x00007ffd5e89c000 	C:\Windows\SYSTEM32\WINHTTP.dll
0x00007ffd5bcc0000 - 0x00007ffd5bcd3000 	C:\Program Files\Java\jdk-16.0.1\bin\nio.dll
0x00007ffd5dc90000 - 0x00007ffd5dca0000 	C:\Program Files\Java\jdk-16.0.1\bin\verify.dll

dbghelp: loaded successfully - version: 4.0.5 - missing functions: none
symbol engine: initialized successfully - sym options: 0x614 - pdb path: .;C:\Program Files\Java\jdk-16.0.1\bin;C:\Windows\SYSTEM32;C:\Windows\WinSxS\amd64_microsoft.windows.common-controls_6595b64144ccf1df_6.0.19041.1110_none_60b5254171f9507e;C:\Program Files\Java\jdk-16.0.1\bin\server

VM Arguments:
jvm_args: -XX:+ShowCodeDetailsInExceptionMessages -agentlib:jdwp=transport=dt_socket,suspend=y,address=localhost:58282 -javaagent:C:\Users\Narmeen\eclipse\java-2021-032\eclipse\configuration\org.eclipse.osgi\222\0\.cp\lib\javaagent-shaded.jar -Dfile.encoding=Cp1252 
java_command: Base
java_class_path (initial): D:\eclipse-workspace\git\Demo\IntroductionPOM\target\test-classes;D:\eclipse-workspace\git\Demo\IntroductionPOM\target\classes;C:\Users\Narmeen\.m2\repository\org\testng\testng\7.4.0\testng-7.4.0.jar;C:\Users\Narmeen\.m2\repository\com\beust\jcommander\1.78\jcommander-1.78.jar;C:\Users\Narmeen\.m2\repository\org\webjars\jquery\3.5.1\jquery-3.5.1.jar;C:\Users\Narmeen\.m2\repository\org\seleniumhq\selenium\selenium-java\4.1.1\selenium-java-4.1.1.jar;C:\Users\Narmeen\.m2\repository\org\seleniumhq\selenium\selenium-api\4.1.1\selenium-api-4.1.1.jar;C:\Users\Narmeen\.m2\repository\org\seleniumhq\selenium\selenium-devtools-v85\4.1.1\selenium-devtools-v85-4.1.1.jar;C:\Users\Narmeen\.m2\repository\org\seleniumhq\selenium\selenium-devtools-v94\4.1.1\selenium-devtools-v94-4.1.1.jar;C:\Users\Narmeen\.m2\repository\org\seleniumhq\selenium\selenium-devtools-v95\4.1.1\selenium-devtools-v95-4.1.1.jar;C:\Users\Narmeen\.m2\repository\org\seleniumhq\selenium\selenium-devtools-v96\4.1.1\selenium-devtools-v96-4.1.1.jar;C:\Users\Narmeen\.m2\repository\org\seleniumhq\selenium\selenium-edge-driver\4.1.1\selenium-edge-driver-4.1.1.jar;C:\Users\Narmeen\.m2\repository\org\seleniumhq\selenium\selenium-firefox-driver\4.1.1\selenium-firefox-driver-4.1.1.jar;C:\Users\Narmeen\.m2\repository\org\seleniumhq\selenium\selenium-firefox-xpi-driver\4.1.1\selenium-firefox-xpi-driver-4.1.1.jar;C:\Users\Narmeen\.m2\repository\org\seleniumhq\selenium\selenium-ie-driver\4.1.1\selenium-ie-driver-4.1.1.jar;C:\Users\Narmeen\.m2\repository\org\seleniumhq\selenium\selenium-opera-driver\4.1.1\selenium-opera-driver-4.1.1.jar;C:\Users\Narmeen\.m2\repository\org\seleniumhq\selenium\selenium-remote-driver\4.1.1\selenium-remote-driver-4.1.1.jar;C:\Users\Narmeen\.m2\repository\io\netty\netty-buffer\4.1.70.Final\netty-buffer-4.1.70.Final.jar;C:\Users\Narmeen\.m2\repository\io\netty\netty-codec-http\4.1.70.Final\netty-codec-http-4.1.70.Final.jar;C:\Users\Narmeen\.m2\repository\io\netty\netty-co
Launcher Type: SUN_STANDARD

[Global flags]
     intx CICompilerCount                          = 3                                         {product} {ergonomic}
     uint ConcGCThreads                            = 1                                         {product} {ergonomic}
     uint G1ConcRefinementThreads                  = 4                                         {product} {ergonomic}
   size_t G1HeapRegionSize                         = 1048576                                   {product} {ergonomic}
    uintx GCDrainStackTargetSize                   = 64                                        {product} {ergonomic}
   size_t InitialHeapSize                          = 134217728                                 {product} {ergonomic}
   size_t MarkStackSize                            = 4194304                                   {product} {ergonomic}
   size_t MaxHeapSize                              = 2116026368                                {product} {ergonomic}
   size_t MaxNewSize                               = 1268776960                                {product} {ergonomic}
   size_t MinHeapDeltaBytes                        = 1048576                                   {product} {ergonomic}
   size_t MinHeapSize                              = 8388608                                   {product} {ergonomic}
    uintx NonNMethodCodeHeapSize                   = 5832780                                {pd product} {ergonomic}
    uintx NonProfiledCodeHeapSize                  = 122912730                              {pd product} {ergonomic}
    uintx ProfiledCodeHeapSize                     = 122912730                              {pd product} {ergonomic}
    uintx ReservedCodeCacheSize                    = 251658240                              {pd product} {ergonomic}
     bool SegmentedCodeCache                       = true                                      {product} {ergonomic}
     bool ShowCodeDetailsInExceptionMessages       = true                                   {manageable} {command line}
   size_t SoftMaxHeapSize                          = 2116026368                             {manageable} {ergonomic}
     bool UseCompressedClassPointers               = true                           {product lp64_product} {ergonomic}
     bool UseCompressedOops                        = true                           {product lp64_product} {ergonomic}
     bool UseG1GC                                  = true                                      {product} {ergonomic}
     bool UseLargePagesIndividualAllocation        = false                                  {pd product} {ergonomic}

Logging:
Log output configuration:
 #0: stdout all=warning uptime,level,tags
 #1: stderr all=off uptime,level,tags

Environment Variables:
PATH=C:\Program Files\Common Files\Oracle\Java\javapath;C:\Windows\system32;C:\Windows;C:\Windows\System32\Wbem;C:\Windows\System32\WindowsPowerShell\v1.0\;C:\Windows\System32\OpenSSH\;C:\Program Files\dotnet\;C:\Program Files (x86)\dotnet\;C:\Program Files\Microsoft SQL Server\Client SDK\ODBC\170\Tools\Binn\;C:\Program Files (x86)\Microsoft SQL Server\150\Tools\Binn\;C:\Program Files\Microsoft SQL Server\150\Tools\Binn\;C:\Program Files\Microsoft SQL Server\150\DTS\Binn\;C:\Program Files (x86)\Microsoft SQL Server\150\DTS\Binn\;C:\Program Files\Azure Data Studio\bin;C:\Program Files\nodejs\;C:\Users\Narmeen\AppData\Local\Microsoft\WindowsApps;;C:\Program Files\Azure Data Studio\bin;C:\Users\Narmeen\AppData\Roaming\npm
USERNAME=Narmeen
OS=Windows_NT
PROCESSOR_IDENTIFIER=Intel64 Family 6 Model 61 Stepping 4, GenuineIntel



---------------  S Y S T E M  ---------------

OS:
 Windows 10 , 64 bit Build 19041 (10.0.19041.1348)
OS uptime: 18 days 3:17 hours

CPU: total 4 (initial active 4) (2 cores per cpu, 2 threads per core) family 6 model 61 stepping 4 microcode 0x2d, cx8, cmov, fxsr, ht, mmx, 3dnowpref, sse, sse2, sse3, ssse3, sse4.1, sse4.2, popcnt, lzcnt, tsc, tscinvbit, avx, avx2, aes, erms, clmul, bmi1, bmi2, rtm, adx, fma, vzeroupper, clflush

Memory: 4k page, system-wide physical 8065M (1361M free)
TotalPageFile size 16521M (AvailPageFile size 3285M)
current process WorkingSet (physical memory assigned to process): 40M, peak: 57M
current process commit charge ("private bytes"): 209M, peak: 213M

vm_info: Java HotSpot(TM) 64-Bit Server VM (16.0.1+9-24) for windows-amd64 JRE (16.0.1+9-24), built on Mar 26 2021 19:31:42 by "mach5one" with MS VC++ 16.7 (VS2019)

END.
